[debug] [2024-10-16T18:40:11.353Z] ----------------------------------------------------------------------
[debug] [2024-10-16T18:40:11.370Z] Command:       /usr/local/bin/node /usr/local/bin/firebase deploy
[debug] [2024-10-16T18:40:11.371Z] CLI Version:   13.7.3
[debug] [2024-10-16T18:40:11.371Z] Platform:      darwin
[debug] [2024-10-16T18:40:11.372Z] Node Version:  v20.12.2
[debug] [2024-10-16T18:40:11.372Z] Time:          Wed Oct 16 2024 19:40:11 GMT+0100 (West Africa Standard Time)
[debug] [2024-10-16T18:40:11.372Z] ----------------------------------------------------------------------
[debug] 
[debug] [2024-10-16T18:40:11.375Z] >>> [apiv2][query] GET https://firebase-public.firebaseio.com/cli.json [none]
[debug] [2024-10-16T18:40:11.581Z] > command requires scopes: ["email","openid","https://www.googleapis.com/auth/cloudplatformprojects.readonly","https://www.googleapis.com/auth/firebase","https://www.googleapis.com/auth/cloud-platform"]
[debug] [2024-10-16T18:40:11.582Z] > authorizing via signed-in user (grupecoin@gmail.com)
[debug] [2024-10-16T18:40:11.582Z] [iam] checking project kardly-app for permissions ["firebase.projects.get","firebasehosting.sites.update"]
[debug] [2024-10-16T18:40:11.584Z] > refreshing access token with scopes: []
[debug] [2024-10-16T18:40:11.586Z] >>> [apiv2][query] POST https://www.googleapis.com/oauth2/v3/token [none]
[debug] [2024-10-16T18:40:11.586Z] >>> [apiv2][body] POST https://www.googleapis.com/oauth2/v3/token [omitted]
[debug] [2024-10-16T18:40:12.177Z] <<< [apiv2][status] POST https://www.googleapis.com/oauth2/v3/token 200
[debug] [2024-10-16T18:40:12.177Z] <<< [apiv2][body] POST https://www.googleapis.com/oauth2/v3/token [omitted]
[debug] [2024-10-16T18:40:12.194Z] >>> [apiv2][query] POST https://cloudresourcemanager.googleapis.com/v1/projects/kardly-app:testIamPermissions [none]
[debug] [2024-10-16T18:40:12.194Z] >>> [apiv2][(partial)header] POST https://cloudresourcemanager.googleapis.com/v1/projects/kardly-app:testIamPermissions x-goog-quota-user=projects/kardly-app
[debug] [2024-10-16T18:40:12.194Z] >>> [apiv2][body] POST https://cloudresourcemanager.googleapis.com/v1/projects/kardly-app:testIamPermissions {"permissions":["firebase.projects.get","firebasehosting.sites.update"]}
[debug] [2024-10-16T18:40:17.790Z] <<< [apiv2][status] POST https://cloudresourcemanager.googleapis.com/v1/projects/kardly-app:testIamPermissions 200
[debug] [2024-10-16T18:40:17.790Z] <<< [apiv2][body] POST https://cloudresourcemanager.googleapis.com/v1/projects/kardly-app:testIamPermissions {"permissions":["firebase.projects.get","firebasehosting.sites.update"]}
[debug] [2024-10-16T18:40:17.791Z] >>> [apiv2][query] GET https://firebase.googleapis.com/v1beta1/projects/kardly-app [none]
[debug] [2024-10-16T18:40:18.433Z] <<< [apiv2][status] GET https://firebase.googleapis.com/v1beta1/projects/kardly-app 200
[debug] [2024-10-16T18:40:18.433Z] <<< [apiv2][body] GET https://firebase.googleapis.com/v1beta1/projects/kardly-app {"projectId":"kardly-app","projectNumber":"979110433892","displayName":"kardly","name":"projects/kardly-app","resources":{"hostingSite":"kardly-app"},"state":"ACTIVE","etag":"1_adc27cfc-d2ca-400e-930a-de7d72234386"}
[info] 
[info] === Deploying to 'kardly-app'...
[info] 
[info] i  deploying hosting 
[debug] [2024-10-16T18:40:18.442Z] >>> [apiv2][query] POST https://firebasehosting.googleapis.com/v1beta1/projects/-/sites/kardly-app/versions [none]
[debug] [2024-10-16T18:40:18.442Z] >>> [apiv2][body] POST https://firebasehosting.googleapis.com/v1beta1/projects/-/sites/kardly-app/versions {"status":"CREATED","labels":{"deployment-tool":"cli-firebase"}}
[debug] [2024-10-16T18:40:20.758Z] <<< [apiv2][status] POST https://firebasehosting.googleapis.com/v1beta1/projects/-/sites/kardly-app/versions 200
[debug] [2024-10-16T18:40:20.761Z] <<< [apiv2][body] POST https://firebasehosting.googleapis.com/v1beta1/projects/-/sites/kardly-app/versions {"name":"projects/979110433892/sites/kardly-app/versions/846c79e9779467c2","status":"CREATED","config":{},"labels":{"deployment-tool":"cli-firebase"}}
[info] i  hosting[kardly-app]: beginning deploy... 
[info] i  hosting[kardly-app]: found 36 files in build/web 
[debug] [2024-10-16T18:40:20.860Z] [hosting] uploading with 200 concurrency
[debug] [2024-10-16T18:40:21.240Z] [hosting] hash cache [YnVpbGQvd2Vi] stored for 36 files
[debug] [2024-10-16T18:40:21.240Z] [hosting][hash queue][FINAL] {"max":367,"min":1,"avg":32.30555555555556,"active":0,"complete":36,"success":36,"errored":0,"retried":0,"total":36,"elapsed":373}
[debug] [2024-10-16T18:40:21.241Z] >>> [apiv2][query] POST https://firebasehosting.googleapis.com/v1beta1/projects/979110433892/sites/kardly-app/versions/846c79e9779467c2:populateFiles [none]
[debug] [2024-10-16T18:40:21.241Z] >>> [apiv2][body] POST https://firebasehosting.googleapis.com/v1beta1/projects/979110433892/sites/kardly-app/versions/846c79e9779467c2:populateFiles {"files":{"/favicon.png":"c023e85c356b33452a71456926b38343b06e82352785091f9bc4debc68956529","/flutter.js":"1a1c772176f661c6c48f7749cdd788f1206a82d7b69c319e58aa133bb95fd756","/manifest.json":"d28dba8bfc55f15b6cae1a801317be300d5ad3ebfa9159a4eddd739abb82db93","/assets/fonts/BricolageGrotesque-Bold.ttf":"10bc4b6a11ce855651375b594d4962fc4dd15d2f1b12f62489518331fcb9745c","/assets/fonts/BricolageGrotesque-Light.ttf":"49652ace5368417dd6807ae806995c5e470dd674591bfbe8ac3351ddab91e6fb","/assets/fonts/BricolageGrotesque-Medium.ttf":"66ec4903c7e3e0503af663104514ec5ee5226330a68166f2813f6506a998bf6e","/assets/fonts/BricolageGrotesque-Regular.ttf":"500968c714bf7efd6913c35cb54a130e27b93374340e0d31d1277a897b9a6d47","/assets/fonts/BricolageGrotesque-SemiBold.ttf":"5b47b2ec843d17f3ad7bcb2e08024dc814978c2dd1fa12a77bf44689901d1d40","/assets/fonts/MaterialIcons-Regular.otf":"8476239a77600bb94f32877cf73714dbcd2d2657fdc2ba18d7747c94fe345d35","/assets/lib/images/btcbarcode.png":"d8889d728ff34a405a3d810c5f9f9727907f549b74ca0f5a0130a97d041f55bc","/assets/lib/images/ethbarcode.png":"ba0302175de8d9fb2cbcf161a50f892f957087e5c2bcafe71a312312eb57f24e","/assets/lib/images/mcard.png":"ada0a9326a6fe822589388d5a244ca93b370b8de27674a1f84084d03ab4e2a3d","/assets/lib/images/patternbg.jpg":"31d48defdf083ffb00a91a11d521baeddea7e682412bed55179c996cdb0bcdab","/assets/lib/images/usdt2.png":"95fae28671cf8dbd95515ef2a27c56abe22036d483e370a6353bd24d0ca8dc6d","/assets/lib/images/usdtbarcode.png":"3489ebd71dfd406a963823b8c1714cc0c83aa0cc94243c3e77d73ef9083607d4","/assets/lib/images/visaimg.png":"80c3d0163974003cb3c8eaea1fc4b2e526d3a7aa29357d5703c31734672c5a0b","/assets/packages/cupertino_icons/assets/CupertinoIcons.ttf":"8cdf9a623aaff1c72e14e268b96740687d200cd114ac4d06e545d4b5c8691655","/assets/packages/iconsax/lib/assets/fonts/iconsax.ttf":"2ff1fd8d2d98e8dab4bfedc6fd4790113755f94ea6f03ecca5fa9c5b43c0288f","/canvaskit/canvaskit.js":"f9abf66e186c8e094359e8142c3ea1d40732253d94648a13f458327d067ea594","/canvaskit/canvaskit.wasm":"dc2083fb36b080e9ec2df6bca6223fd562c5a9d98ca1b345a919b6cf74dddf87","/canvaskit/profiling/canvaskit.js":"a3412dd51f23952757e9294a095b9521771c8330b592e3c53a57a8084a0be6ca","/canvaskit/profiling/canvaskit.wasm":"25bb2f0a4ce2d2cabd10f88790962bda87890e2827ae0c208d1c66eb686b289b","/icons/Icon-192.png":"84c73fff6a50c2573b3a7d2e09b2d55c628db625c8ca61c632a0add7028d2926","/icons/Icon-512.png":"db4e589fa57af5d94440c1679ae7b9248d82ddd3002614cf473439d0728d868f","/icons/Icon-maskable-192.png":"1c3ba0c948915ce01efa0bcb9c9b22dffc63f30df9ff6c3288531c5209a86908","/icons/Icon-maskable-512.png":"acb883dcd1c47b0c08d93b9f838459a0a14957b1f044f759310893e89557a5e1","/version.json":"755c0929f8c5881757257485a3ee0f52d9156b8d2f18da327c91b7e6ff4c568a","/index.html":"e2208346f85c91eaee0b31dd12eec45fd7a670a2fe4a8c4fbcef2df5bc00612b","/flutter_service_worker.js":"b386b05c89c757f62df45794c99247c42911cfe4e3958054009b6b2f46ff2265","/assets/AssetManifest.json":"464a24f4a597b7ad1e2486cfff6c5eb7eda258edf3d3c78a6727bb3b95d90a30","/assets/FontManifest.json":"1aabdbc2a0c5555caf72a707120467e56f544e38e31739db6ac4162c8b13d708","/assets/lib/images/%20subscribe.png":"8622ba41ad8bd1123b72f947fa6c58f5618dccb9cd115d3ae4e4af0bde35fed9","/assets/lib/images/createcard.png":"cab4ad63d330904042fbe68472da7edb62229ecdf4ac4fd6190772126912fffb","/assets/lib/images/secure.png":"d9ea47af87e74bc20bfc44fa1a6b4145d07fb8a44c2786c04f1ecc120e908ad7","/assets/NOTICES":"8d752da34486bb1e903a3431aad4b776f9518fea6b178b4d7db084f312e336d8","/main.dart.js":"7687b3a4c4b2d0e328b762360c38dd63697e807520fae8299ead556e421fd507"}}
[debug] [2024-10-16T18:40:21.405Z] <<< [apiv2][status] GET https://firebase-public.firebaseio.com/cli.json 200
[debug] [2024-10-16T18:40:21.406Z] <<< [apiv2][body] GET https://firebase-public.firebaseio.com/cli.json {"cloudBuildErrorAfter":1594252800000,"cloudBuildWarnAfter":1590019200000,"defaultNode10After":1594252800000,"minVersion":"3.0.5","node8DeploysDisabledAfter":1613390400000,"node8RuntimeDisabledAfter":1615809600000,"node8WarnAfter":1600128000000}
[debug] [2024-10-16T18:40:21.724Z] <<< [apiv2][status] POST https://firebasehosting.googleapis.com/v1beta1/projects/979110433892/sites/kardly-app/versions/846c79e9779467c2:populateFiles 200
[debug] [2024-10-16T18:40:21.724Z] <<< [apiv2][body] POST https://firebasehosting.googleapis.com/v1beta1/projects/979110433892/sites/kardly-app/versions/846c79e9779467c2:populateFiles {"uploadRequiredHashes":["8d752da34486bb1e903a3431aad4b776f9518fea6b178b4d7db084f312e336d8","d9ea47af87e74bc20bfc44fa1a6b4145d07fb8a44c2786c04f1ecc120e908ad7","464a24f4a597b7ad1e2486cfff6c5eb7eda258edf3d3c78a6727bb3b95d90a30","e2208346f85c91eaee0b31dd12eec45fd7a670a2fe4a8c4fbcef2df5bc00612b","cab4ad63d330904042fbe68472da7edb62229ecdf4ac4fd6190772126912fffb","b386b05c89c757f62df45794c99247c42911cfe4e3958054009b6b2f46ff2265","7687b3a4c4b2d0e328b762360c38dd63697e807520fae8299ead556e421fd507","8622ba41ad8bd1123b72f947fa6c58f5618dccb9cd115d3ae4e4af0bde35fed9"],"uploadUrl":"https://upload-firebasehosting.googleapis.com/upload/sites/kardly-app/versions/846c79e9779467c2/files"}
[debug] [2024-10-16T18:40:21.726Z] >>> [apiv2][query] POST https://upload-firebasehosting.googleapis.com/upload/sites/kardly-app/versions/846c79e9779467c2/files/8d752da34486bb1e903a3431aad4b776f9518fea6b178b4d7db084f312e336d8 [none]
[debug] [2024-10-16T18:40:21.726Z] >>> [apiv2][body] POST https://upload-firebasehosting.googleapis.com/upload/sites/kardly-app/versions/846c79e9779467c2/files/8d752da34486bb1e903a3431aad4b776f9518fea6b178b4d7db084f312e336d8 [stream]
[debug] [2024-10-16T18:40:21.729Z] >>> [apiv2][query] POST https://upload-firebasehosting.googleapis.com/upload/sites/kardly-app/versions/846c79e9779467c2/files/d9ea47af87e74bc20bfc44fa1a6b4145d07fb8a44c2786c04f1ecc120e908ad7 [none]
[debug] [2024-10-16T18:40:21.729Z] >>> [apiv2][body] POST https://upload-firebasehosting.googleapis.com/upload/sites/kardly-app/versions/846c79e9779467c2/files/d9ea47af87e74bc20bfc44fa1a6b4145d07fb8a44c2786c04f1ecc120e908ad7 [stream]
[debug] [2024-10-16T18:40:21.731Z] >>> [apiv2][query] POST https://upload-firebasehosting.googleapis.com/upload/sites/kardly-app/versions/846c79e9779467c2/files/464a24f4a597b7ad1e2486cfff6c5eb7eda258edf3d3c78a6727bb3b95d90a30 [none]
[debug] [2024-10-16T18:40:21.731Z] >>> [apiv2][body] POST https://upload-firebasehosting.googleapis.com/upload/sites/kardly-app/versions/846c79e9779467c2/files/464a24f4a597b7ad1e2486cfff6c5eb7eda258edf3d3c78a6727bb3b95d90a30 [stream]
[debug] [2024-10-16T18:40:21.732Z] >>> [apiv2][query] POST https://upload-firebasehosting.googleapis.com/upload/sites/kardly-app/versions/846c79e9779467c2/files/e2208346f85c91eaee0b31dd12eec45fd7a670a2fe4a8c4fbcef2df5bc00612b [none]
[debug] [2024-10-16T18:40:21.732Z] >>> [apiv2][body] POST https://upload-firebasehosting.googleapis.com/upload/sites/kardly-app/versions/846c79e9779467c2/files/e2208346f85c91eaee0b31dd12eec45fd7a670a2fe4a8c4fbcef2df5bc00612b [stream]
[debug] [2024-10-16T18:40:21.734Z] >>> [apiv2][query] POST https://upload-firebasehosting.googleapis.com/upload/sites/kardly-app/versions/846c79e9779467c2/files/cab4ad63d330904042fbe68472da7edb62229ecdf4ac4fd6190772126912fffb [none]
[debug] [2024-10-16T18:40:21.734Z] >>> [apiv2][body] POST https://upload-firebasehosting.googleapis.com/upload/sites/kardly-app/versions/846c79e9779467c2/files/cab4ad63d330904042fbe68472da7edb62229ecdf4ac4fd6190772126912fffb [stream]
[debug] [2024-10-16T18:40:21.738Z] >>> [apiv2][query] POST https://upload-firebasehosting.googleapis.com/upload/sites/kardly-app/versions/846c79e9779467c2/files/b386b05c89c757f62df45794c99247c42911cfe4e3958054009b6b2f46ff2265 [none]
[debug] [2024-10-16T18:40:21.738Z] >>> [apiv2][body] POST https://upload-firebasehosting.googleapis.com/upload/sites/kardly-app/versions/846c79e9779467c2/files/b386b05c89c757f62df45794c99247c42911cfe4e3958054009b6b2f46ff2265 [stream]
[debug] [2024-10-16T18:40:21.740Z] >>> [apiv2][query] POST https://upload-firebasehosting.googleapis.com/upload/sites/kardly-app/versions/846c79e9779467c2/files/7687b3a4c4b2d0e328b762360c38dd63697e807520fae8299ead556e421fd507 [none]
[debug] [2024-10-16T18:40:21.740Z] >>> [apiv2][body] POST https://upload-firebasehosting.googleapis.com/upload/sites/kardly-app/versions/846c79e9779467c2/files/7687b3a4c4b2d0e328b762360c38dd63697e807520fae8299ead556e421fd507 [stream]
[debug] [2024-10-16T18:40:21.742Z] >>> [apiv2][query] POST https://upload-firebasehosting.googleapis.com/upload/sites/kardly-app/versions/846c79e9779467c2/files/8622ba41ad8bd1123b72f947fa6c58f5618dccb9cd115d3ae4e4af0bde35fed9 [none]
[debug] [2024-10-16T18:40:21.742Z] >>> [apiv2][body] POST https://upload-firebasehosting.googleapis.com/upload/sites/kardly-app/versions/846c79e9779467c2/files/8622ba41ad8bd1123b72f947fa6c58f5618dccb9cd115d3ae4e4af0bde35fed9 [stream]
[debug] [2024-10-16T18:40:21.745Z] [hosting][populate queue][FINAL] {"max":489,"min":489,"avg":489,"active":0,"complete":1,"success":1,"errored":0,"retried":0,"total":1,"elapsed":508}
[debug] [2024-10-16T18:40:21.746Z] [hosting] uploads queued: 8
